<?xml version="1.0" encoding="UTF-8"?>
<!-- Generated by org.testng.reporters.JUnitReportReporter -->
<testsuite hostname="DESKTOP-0MUFT6L" failures="0" tests="5" name="com.inetbanking.testCases.TC_LoginTestDDT" time="0.018" errors="0" timestamp="2022-12-04T15:54:21 IST" skipped="0">
  <testcase classname="com.inetbanking.testCases.TC_LoginTestDDT" name="loginDDT" time="0.006"/>
  <system-out/>
  <testcase classname="com.inetbanking.testCases.TC_LoginTestDDT" name="loginDDT" time="0.005"/>
  <system-out/>
  <testcase classname="com.inetbanking.testCases.TC_LoginTestDDT" name="loginDDT" time="0.003"/>
  <system-out/>
  <testcase classname="com.inetbanking.testCases.TC_LoginTestDDT" name="loginDDT" time="0.001"/>
  <system-out/>
  <testcase classname="com.inetbanking.testCases.TC_LoginTestDDT" name="loginDDT" time="0.003"/>
  <system-out/>
</testsuite> <!-- com.inetbanking.testCases.TC_LoginTestDDT -->
